{"/Users/me/Documents/GitHub/dfx/dfx-wallet/src/components/AssetListItem.tsx": {"path":"/Users/me/Documents/GitHub/dfx/dfx-wallet/src/components/AssetListItem.tsx","statementMap":{"0":{"start":{"line":13,"column":45},"end":{"line":20,"column":1}},"1":{"start":{"line":23,"column":2},"end":{"line":46,"column":4}},"2":{"start":{"line":25,"column":30},"end":{"line":25,"column":75}},"3":{"start":{"line":49,"column":15},"end":{"line":100,"column":2}}},"fnMap":{"0":{"name":"AssetListItem","decl":{"start":{"line":22,"column":16},"end":{"line":22,"column":29}},"loc":{"start":{"line":22,"column":93},"end":{"line":47,"column":1}},"line":22},"1":{"name":"(anonymous_1)","decl":{"start":{"line":25,"column":13},"end":{"line":25,"column":14}},"loc":{"start":{"line":25,"column":30},"end":{"line":25,"column":75}},"line":25}},"branchMap":{"0":{"loc":{"start":{"line":25,"column":49},"end":{"line":25,"column":74}},"type":"binary-expr","locations":[{"start":{"line":25,"column":49},"end":{"line":25,"column":56}},{"start":{"line":25,"column":60},"end":{"line":25,"column":74}}],"line":25},"1":{"loc":{"start":{"line":36,"column":36},"end":{"line":36,"column":64}},"type":"binary-expr","locations":[{"start":{"line":36,"column":36},"end":{"line":36,"column":55}},{"start":{"line":36,"column":59},"end":{"line":36,"column":64}}],"line":36}},"s":{"0":1,"1":6,"2":6,"3":1},"f":{"0":6,"1":6},"b":{"0":[6,0],"1":[6,1]},"_coverageSchema":"1a1c01bbd47fc00a2c39e90264f33305004495a9","hash":"bf6e4fd753e47a69d574b4d4de369fce9cdce7ad"}
,"/Users/me/Documents/GitHub/dfx/dfx-wallet/src/components/PrimaryButton.tsx": {"path":"/Users/me/Documents/GitHub/dfx/dfx-wallet/src/components/PrimaryButton.tsx","statementMap":{"0":{"start":{"line":21,"column":19},"end":{"line":21,"column":39}},"1":{"start":{"line":23,"column":2},"end":{"line":42,"column":4}},"2":{"start":{"line":29,"column":30},"end":{"line":34,"column":7}},"3":{"start":{"line":45,"column":15},"end":{"line":75,"column":2}}},"fnMap":{"0":{"name":"PrimaryButton","decl":{"start":{"line":13,"column":16},"end":{"line":13,"column":29}},"loc":{"start":{"line":20,"column":10},"end":{"line":43,"column":1}},"line":20},"1":{"name":"(anonymous_1)","decl":{"start":{"line":29,"column":13},"end":{"line":29,"column":14}},"loc":{"start":{"line":29,"column":30},"end":{"line":34,"column":7}},"line":29}},"branchMap":{"0":{"loc":{"start":{"line":18,"column":2},"end":{"line":18,"column":20}},"type":"default-arg","locations":[{"start":{"line":18,"column":12},"end":{"line":18,"column":20}}],"line":18},"1":{"loc":{"start":{"line":26,"column":16},"end":{"line":26,"column":35}},"type":"binary-expr","locations":[{"start":{"line":26,"column":16},"end":{"line":26,"column":24}},{"start":{"line":26,"column":28},"end":{"line":26,"column":35}}],"line":26},"2":{"loc":{"start":{"line":31,"column":8},"end":{"line":31,"column":50}},"type":"cond-expr","locations":[{"start":{"line":31,"column":19},"end":{"line":31,"column":32}},{"start":{"line":31,"column":35},"end":{"line":31,"column":50}}],"line":31},"3":{"loc":{"start":{"line":32,"column":8},"end":{"line":32,"column":48}},"type":"binary-expr","locations":[{"start":{"line":32,"column":9},"end":{"line":32,"column":17}},{"start":{"line":32,"column":21},"end":{"line":32,"column":28}},{"start":{"line":32,"column":33},"end":{"line":32,"column":48}}],"line":32},"4":{"loc":{"start":{"line":33,"column":8},"end":{"line":33,"column":33}},"type":"binary-expr","locations":[{"start":{"line":33,"column":8},"end":{"line":33,"column":15}},{"start":{"line":33,"column":19},"end":{"line":33,"column":33}}],"line":33},"5":{"loc":{"start":{"line":36,"column":7},"end":{"line":40,"column":7}},"type":"cond-expr","locations":[{"start":{"line":37,"column":8},"end":{"line":37,"column":84}},{"start":{"line":39,"column":8},"end":{"line":39,"column":84}}],"line":36},"6":{"loc":{"start":{"line":37,"column":34},"end":{"line":37,"column":80}},"type":"cond-expr","locations":[{"start":{"line":37,"column":45},"end":{"line":37,"column":60}},{"start":{"line":37,"column":63},"end":{"line":37,"column":80}}],"line":37},"7":{"loc":{"start":{"line":39,"column":35},"end":{"line":39,"column":67}},"type":"binary-expr","locations":[{"start":{"line":39,"column":35},"end":{"line":39,"column":44}},{"start":{"line":39,"column":48},"end":{"line":39,"column":67}}],"line":39}},"s":{"0":5,"1":5,"2":5,"3":1},"f":{"0":5,"1":5},"b":{"0":[4],"1":[5,4],"2":[4,1],"3":[5,4,2],"4":[5,0],"5":[1,4],"6":[1,0],"7":[4,1]},"_coverageSchema":"1a1c01bbd47fc00a2c39e90264f33305004495a9","hash":"de5754a8e9efb56cf7a9caab88e09ce137732d3c"}
,"/Users/me/Documents/GitHub/dfx/dfx-wallet/src/config/env.ts": {"path":"/Users/me/Documents/GitHub/dfx/dfx-wallet/src/config/env.ts","statementMap":{"0":{"start":{"line":1,"column":19},"end":{"line":5,"column":10}}},"fnMap":{},"branchMap":{"0":{"loc":{"start":{"line":2,"column":13},"end":{"line":2,"column":78}},"type":"binary-expr","locations":[{"start":{"line":2,"column":13},"end":{"line":2,"column":48}},{"start":{"line":2,"column":52},"end":{"line":2,"column":78}}],"line":2},"1":{"loc":{"start":{"line":3,"column":17},"end":{"line":3,"column":87}},"type":"binary-expr","locations":[{"start":{"line":3,"column":17},"end":{"line":3,"column":56}},{"start":{"line":3,"column":60},"end":{"line":3,"column":87}}],"line":3},"2":{"loc":{"start":{"line":4,"column":20},"end":{"line":4,"column":69}},"type":"binary-expr","locations":[{"start":{"line":4,"column":20},"end":{"line":4,"column":63}},{"start":{"line":4,"column":67},"end":{"line":4,"column":69}}],"line":4}},"s":{"0":1},"f":{},"b":{"0":[1,1],"1":[1,1],"2":[1,1]},"_coverageSchema":"1a1c01bbd47fc00a2c39e90264f33305004495a9","hash":"d8fbf81b79b8ac522b14613c9f3430aa213e8a00"}
,"/Users/me/Documents/GitHub/dfx/dfx-wallet/src/services/biometric.ts": {"path":"/Users/me/Documents/GitHub/dfx/dfx-wallet/src/services/biometric.ts","statementMap":{"0":{"start":{"line":9,"column":21},"end":{"line":9,"column":65}},"1":{"start":{"line":10,"column":2},"end":{"line":10,"column":32}},"2":{"start":{"line":10,"column":19},"end":{"line":10,"column":32}},"3":{"start":{"line":11,"column":19},"end":{"line":11,"column":62}},"4":{"start":{"line":12,"column":2},"end":{"line":12,"column":18}},"5":{"start":{"line":19,"column":16},"end":{"line":19,"column":77}},"6":{"start":{"line":20,"column":2},"end":{"line":20,"column":97}},"7":{"start":{"line":20,"column":81},"end":{"line":20,"column":97}},"8":{"start":{"line":21,"column":2},"end":{"line":21,"column":95}},"9":{"start":{"line":21,"column":74},"end":{"line":21,"column":95}},"10":{"start":{"line":22,"column":2},"end":{"line":22,"column":81}},"11":{"start":{"line":22,"column":67},"end":{"line":22,"column":81}},"12":{"start":{"line":23,"column":2},"end":{"line":23,"column":16}},"13":{"start":{"line":32,"column":17},"end":{"line":36,"column":4}},"14":{"start":{"line":37,"column":2},"end":{"line":37,"column":24}}},"fnMap":{"0":{"name":"isBiometricAvailable","decl":{"start":{"line":8,"column":22},"end":{"line":8,"column":42}},"loc":{"start":{"line":8,"column":63},"end":{"line":13,"column":1}},"line":8},"1":{"name":"getBiometricType","decl":{"start":{"line":18,"column":22},"end":{"line":18,"column":38}},"loc":{"start":{"line":18,"column":65},"end":{"line":24,"column":1}},"line":18},"2":{"name":"authenticateWithBiometric","decl":{"start":{"line":29,"column":22},"end":{"line":29,"column":47}},"loc":{"start":{"line":31,"column":20},"end":{"line":38,"column":1}},"line":31}},"branchMap":{"0":{"loc":{"start":{"line":10,"column":2},"end":{"line":10,"column":32}},"type":"if","locations":[{"start":{"line":10,"column":2},"end":{"line":10,"column":32}},{"start":{},"end":{}}],"line":10},"1":{"loc":{"start":{"line":20,"column":2},"end":{"line":20,"column":97}},"type":"if","locations":[{"start":{"line":20,"column":2},"end":{"line":20,"column":97}},{"start":{},"end":{}}],"line":20},"2":{"loc":{"start":{"line":21,"column":2},"end":{"line":21,"column":95}},"type":"if","locations":[{"start":{"line":21,"column":2},"end":{"line":21,"column":95}},{"start":{},"end":{}}],"line":21},"3":{"loc":{"start":{"line":22,"column":2},"end":{"line":22,"column":81}},"type":"if","locations":[{"start":{"line":22,"column":2},"end":{"line":22,"column":81}},{"start":{},"end":{}}],"line":22},"4":{"loc":{"start":{"line":30,"column":2},"end":{"line":30,"column":62}},"type":"default-arg","locations":[{"start":{"line":30,"column":26},"end":{"line":30,"column":62}}],"line":30}},"s":{"0":10,"1":10,"2":3,"3":7,"4":7,"5":5,"6":5,"7":2,"8":3,"9":1,"10":2,"11":1,"12":1,"13":5,"14":5},"f":{"0":10,"1":5,"2":5},"b":{"0":[3,7],"1":[2,3],"2":[1,2],"3":[1,1],"4":[4]},"_coverageSchema":"1a1c01bbd47fc00a2c39e90264f33305004495a9","hash":"bf942a393907ddfd4de03f482198c7b567a88f3b"}
,"/Users/me/Documents/GitHub/dfx/dfx-wallet/src/services/pin.ts": {"path":"/Users/me/Documents/GitHub/dfx/dfx-wallet/src/services/pin.ts","statementMap":{"0":{"start":{"line":3,"column":13},"end":{"line":3,"column":32}},"1":{"start":{"line":4,"column":19},"end":{"line":4,"column":24}},"2":{"start":{"line":11,"column":13},"end":{"line":11,"column":29}},"3":{"start":{"line":12,"column":2},"end":{"line":14,"column":3}},"4":{"start":{"line":12,"column":15},"end":{"line":12,"column":16}},"5":{"start":{"line":13,"column":4},"end":{"line":13,"column":85}},"6":{"start":{"line":15,"column":2},"end":{"line":15,"column":14}},"7":{"start":{"line":22,"column":15},"end":{"line":22,"column":33}},"8":{"start":{"line":23,"column":2},"end":{"line":23,"column":29}}},"fnMap":{"0":{"name":"hashPin","decl":{"start":{"line":10,"column":22},"end":{"line":10,"column":29}},"loc":{"start":{"line":10,"column":60},"end":{"line":16,"column":1}},"line":10},"1":{"name":"verifyPin","decl":{"start":{"line":21,"column":22},"end":{"line":21,"column":31}},"loc":{"start":{"line":21,"column":83},"end":{"line":24,"column":1}},"line":21}},"branchMap":{},"s":{"0":1,"1":1,"2":10,"3":10,"4":10,"5":100000,"6":10,"7":2,"8":2},"f":{"0":10,"1":2},"b":{},"_coverageSchema":"1a1c01bbd47fc00a2c39e90264f33305004495a9","hash":"438fe2c24b3cff413f7105f0d87b9086313aeed5"}
,"/Users/me/Documents/GitHub/dfx/dfx-wallet/src/services/storage.ts": {"path":"/Users/me/Documents/GitHub/dfx/dfx-wallet/src/services/storage.ts","statementMap":{"0":{"start":{"line":11,"column":29},"end":{"line":23,"column":1}},"1":{"start":{"line":13,"column":4},"end":{"line":13,"column":47}},"2":{"start":{"line":17,"column":4},"end":{"line":17,"column":41}},"3":{"start":{"line":21,"column":4},"end":{"line":21,"column":43}},"4":{"start":{"line":26,"column":27},"end":{"line":38,"column":10}}},"fnMap":{"0":{"name":"(anonymous_0)","decl":{"start":{"line":12,"column":2},"end":{"line":12,"column":3}},"loc":{"start":{"line":12,"column":55},"end":{"line":14,"column":3}},"line":12},"1":{"name":"(anonymous_1)","decl":{"start":{"line":16,"column":2},"end":{"line":16,"column":3}},"loc":{"start":{"line":16,"column":49},"end":{"line":18,"column":3}},"line":16},"2":{"name":"(anonymous_2)","decl":{"start":{"line":20,"column":2},"end":{"line":20,"column":3}},"loc":{"start":{"line":20,"column":43},"end":{"line":22,"column":3}},"line":20}},"branchMap":{},"s":{"0":2,"1":13,"2":12,"3":8,"4":2},"f":{"0":13,"1":12,"2":8},"b":{},"_coverageSchema":"1a1c01bbd47fc00a2c39e90264f33305004495a9","hash":"c2150bca78e7866e8b17a06c363c5e894284dadc"}
,"/Users/me/Documents/GitHub/dfx/dfx-wallet/src/services/dfx/api.ts": {"path":"/Users/me/Documents/GitHub/dfx/dfx-wallet/src/services/dfx/api.ts","statementMap":{"0":{"start":{"line":10,"column":20},"end":{"line":10,"column":33}},"1":{"start":{"line":11,"column":37},"end":{"line":11,"column":41}},"2":{"start":{"line":12,"column":66},"end":{"line":12,"column":70}},"3":{"start":{"line":15,"column":4},"end":{"line":15,"column":27}},"4":{"start":{"line":19,"column":4},"end":{"line":19,"column":26}},"5":{"start":{"line":24,"column":4},"end":{"line":24,"column":34}},"6":{"start":{"line":28,"column":4},"end":{"line":28,"column":40}},"7":{"start":{"line":32,"column":4},"end":{"line":32,"column":47}},"8":{"start":{"line":36,"column":4},"end":{"line":36,"column":46}},"9":{"start":{"line":40,"column":4},"end":{"line":40,"column":43}},"10":{"start":{"line":44,"column":21},"end":{"line":44,"column":57}},"11":{"start":{"line":47,"column":4},"end":{"line":54,"column":5}},"12":{"start":{"line":48,"column":23},"end":{"line":48,"column":50}},"13":{"start":{"line":49,"column":6},"end":{"line":53,"column":7}},"14":{"start":{"line":50,"column":8},"end":{"line":50,"column":34}},"15":{"start":{"line":51,"column":30},"end":{"line":51,"column":66}},"16":{"start":{"line":52,"column":8},"end":{"line":52,"column":53}},"17":{"start":{"line":56,"column":4},"end":{"line":56,"column":44}},"18":{"start":{"line":60,"column":16},"end":{"line":60,"column":73}},"19":{"start":{"line":61,"column":4},"end":{"line":65,"column":7}},"20":{"start":{"line":69,"column":4},"end":{"line":86,"column":5}},"21":{"start":{"line":71,"column":6},"end":{"line":79,"column":7}},"22":{"start":{"line":72,"column":8},"end":{"line":72,"column":41}},"23":{"start":{"line":74,"column":8},"end":{"line":78,"column":10}},"24":{"start":{"line":81,"column":22},"end":{"line":83,"column":26}},"25":{"start":{"line":85,"column":6},"end":{"line":85,"column":73}},"26":{"start":{"line":89,"column":4},"end":{"line":91,"column":5}},"27":{"start":{"line":90,"column":6},"end":{"line":90,"column":28}},"28":{"start":{"line":93,"column":4},"end":{"line":93,"column":41}},"29":{"start":{"line":97,"column":44},"end":{"line":99,"column":5}},"30":{"start":{"line":100,"column":4},"end":{"line":102,"column":5}},"31":{"start":{"line":101,"column":6},"end":{"line":101,"column":60}},"32":{"start":{"line":103,"column":4},"end":{"line":103,"column":19}},"33":{"start":{"line":113,"column":4},"end":{"line":113,"column":19}},"34":{"start":{"line":114,"column":4},"end":{"line":114,"column":30}},"35":{"start":{"line":118,"column":4},"end":{"line":118,"column":83}},"36":{"start":{"line":122,"column":4},"end":{"line":122,"column":49}},"37":{"start":{"line":126,"column":22},"end":{"line":126,"column":34}}},"fnMap":{"0":{"name":"(anonymous_0)","decl":{"start":{"line":14,"column":2},"end":{"line":14,"column":3}},"loc":{"start":{"line":14,"column":30},"end":{"line":16,"column":3}},"line":14},"1":{"name":"(anonymous_1)","decl":{"start":{"line":18,"column":2},"end":{"line":18,"column":3}},"loc":{"start":{"line":18,"column":19},"end":{"line":20,"column":3}},"line":18},"2":{"name":"(anonymous_2)","decl":{"start":{"line":23,"column":2},"end":{"line":23,"column":3}},"loc":{"start":{"line":23,"column":59},"end":{"line":25,"column":3}},"line":23},"3":{"name":"(anonymous_3)","decl":{"start":{"line":27,"column":2},"end":{"line":27,"column":3}},"loc":{"start":{"line":27,"column":41},"end":{"line":29,"column":3}},"line":27},"4":{"name":"(anonymous_4)","decl":{"start":{"line":31,"column":2},"end":{"line":31,"column":3}},"loc":{"start":{"line":31,"column":57},"end":{"line":33,"column":3}},"line":31},"5":{"name":"(anonymous_5)","decl":{"start":{"line":35,"column":2},"end":{"line":35,"column":3}},"loc":{"start":{"line":35,"column":56},"end":{"line":37,"column":3}},"line":35},"6":{"name":"(anonymous_6)","decl":{"start":{"line":39,"column":2},"end":{"line":39,"column":3}},"loc":{"start":{"line":39,"column":44},"end":{"line":41,"column":3}},"line":39},"7":{"name":"(anonymous_7)","decl":{"start":{"line":43,"column":2},"end":{"line":43,"column":3}},"loc":{"start":{"line":43,"column":85},"end":{"line":57,"column":3}},"line":43},"8":{"name":"(anonymous_8)","decl":{"start":{"line":59,"column":2},"end":{"line":59,"column":3}},"loc":{"start":{"line":59,"column":87},"end":{"line":66,"column":3}},"line":59},"9":{"name":"(anonymous_9)","decl":{"start":{"line":68,"column":2},"end":{"line":68,"column":3}},"loc":{"start":{"line":68,"column":66},"end":{"line":94,"column":3}},"line":68},"10":{"name":"(anonymous_10)","decl":{"start":{"line":96,"column":2},"end":{"line":96,"column":3}},"loc":{"start":{"line":96,"column":47},"end":{"line":104,"column":3}},"line":96},"11":{"name":"(anonymous_11)","decl":{"start":{"line":108,"column":2},"end":{"line":108,"column":3}},"loc":{"start":{"line":112,"column":4},"end":{"line":115,"column":3}},"line":112},"12":{"name":"(anonymous_12)","decl":{"start":{"line":117,"column":2},"end":{"line":117,"column":3}},"loc":{"start":{"line":117,"column":31},"end":{"line":119,"column":3}},"line":117},"13":{"name":"(anonymous_13)","decl":{"start":{"line":121,"column":2},"end":{"line":121,"column":3}},"loc":{"start":{"line":121,"column":40},"end":{"line":123,"column":3}},"line":121}},"branchMap":{"0":{"loc":{"start":{"line":47,"column":4},"end":{"line":54,"column":5}},"type":"if","locations":[{"start":{"line":47,"column":4},"end":{"line":54,"column":5}},{"start":{},"end":{}}],"line":47},"1":{"loc":{"start":{"line":47,"column":8},"end":{"line":47,"column":54}},"type":"binary-expr","locations":[{"start":{"line":47,"column":8},"end":{"line":47,"column":31}},{"start":{"line":47,"column":35},"end":{"line":47,"column":54}}],"line":47},"2":{"loc":{"start":{"line":49,"column":6},"end":{"line":53,"column":7}},"type":"if","locations":[{"start":{"line":49,"column":6},"end":{"line":53,"column":7}},{"start":{},"end":{}}],"line":49},"3":{"loc":{"start":{"line":60,"column":16},"end":{"line":60,"column":73}},"type":"cond-expr","locations":[{"start":{"line":60,"column":42},"end":{"line":60,"column":46}},{"start":{"line":60,"column":49},"end":{"line":60,"column":73}}],"line":60},"4":{"loc":{"start":{"line":64,"column":10},"end":{"line":64,"column":66}},"type":"cond-expr","locations":[{"start":{"line":64,"column":31},"end":{"line":64,"column":61}},{"start":{"line":64,"column":64},"end":{"line":64,"column":66}}],"line":64},"5":{"loc":{"start":{"line":69,"column":4},"end":{"line":86,"column":5}},"type":"if","locations":[{"start":{"line":69,"column":4},"end":{"line":86,"column":5}},{"start":{},"end":{}}],"line":69},"6":{"loc":{"start":{"line":81,"column":22},"end":{"line":83,"column":26}},"type":"cond-expr","locations":[{"start":{"line":82,"column":10},"end":{"line":82,"column":37}},{"start":{"line":83,"column":10},"end":{"line":83,"column":26}}],"line":81},"7":{"loc":{"start":{"line":89,"column":4},"end":{"line":91,"column":5}},"type":"if","locations":[{"start":{"line":89,"column":4},"end":{"line":91,"column":5}},{"start":{},"end":{}}],"line":89},"8":{"loc":{"start":{"line":100,"column":4},"end":{"line":102,"column":5}},"type":"if","locations":[{"start":{"line":100,"column":4},"end":{"line":102,"column":5}},{"start":{},"end":{}}],"line":100},"9":{"loc":{"start":{"line":118,"column":11},"end":{"line":118,"column":82}},"type":"binary-expr","locations":[{"start":{"line":118,"column":11},"end":{"line":118,"column":45}},{"start":{"line":118,"column":49},"end":{"line":118,"column":82}}],"line":118}},"s":{"0":1,"1":1,"2":1,"3":0,"4":0,"5":0,"6":0,"7":0,"8":0,"9":0,"10":0,"11":0,"12":0,"13":0,"14":0,"15":0,"16":0,"17":0,"18":0,"19":0,"20":0,"21":0,"22":0,"23":0,"24":0,"25":0,"26":0,"27":0,"28":0,"29":0,"30":0,"31":0,"32":0,"33":7,"34":7,"35":3,"36":2,"37":1},"f":{"0":0,"1":0,"2":0,"3":0,"4":0,"5":0,"6":0,"7":0,"8":0,"9":0,"10":0,"11":7,"12":3,"13":2},"b":{"0":[0,0],"1":[0,0],"2":[0,0],"3":[0,0],"4":[0,0],"5":[0,0],"6":[0,0],"7":[0,0],"8":[0,0],"9":[3,2]},"_coverageSchema":"1a1c01bbd47fc00a2c39e90264f33305004495a9","hash":"1adbd6f78a38ca6e5a9ec7129c20c77553a2e8ff"}
,"/Users/me/Documents/GitHub/dfx/dfx-wallet/src/services/hardware-wallet/bitbox-protocol.ts": {"path":"/Users/me/Documents/GitHub/dfx/dfx-wallet/src/services/hardware-wallet/bitbox-protocol.ts","statementMap":{"0":{"start":{"line":122,"column":2},"end":{"line":127,"column":4}},"1":{"start":{"line":131,"column":2},"end":{"line":133,"column":14}},"2":{"start":{"line":132,"column":16},"end":{"line":132,"column":47}}},"fnMap":{"0":{"name":"ethSignatureToHex","decl":{"start":{"line":117,"column":16},"end":{"line":117,"column":33}},"loc":{"start":{"line":121,"column":2},"end":{"line":128,"column":1}},"line":121},"1":{"name":"bytesToHex","decl":{"start":{"line":130,"column":9},"end":{"line":130,"column":19}},"loc":{"start":{"line":130,"column":47},"end":{"line":134,"column":1}},"line":130},"2":{"name":"(anonymous_2)","decl":{"start":{"line":132,"column":9},"end":{"line":132,"column":10}},"loc":{"start":{"line":132,"column":16},"end":{"line":132,"column":47}},"line":132}},"branchMap":{},"s":{"0":2,"1":4,"2":70},"f":{"0":2,"1":4,"2":70},"b":{},"_coverageSchema":"1a1c01bbd47fc00a2c39e90264f33305004495a9","hash":"57737b9f1bc0f94f1dfbabd6266ffeff7dcc6bca"}
,"/Users/me/Documents/GitHub/dfx/dfx-wallet/src/services/wallet/seed.ts": {"path":"/Users/me/Documents/GitHub/dfx/dfx-wallet/src/services/wallet/seed.ts","statementMap":{"0":{"start":{"line":9,"column":12},"end":{"line":9,"column":95}},"1":{"start":{"line":9,"column":31},"end":{"line":9,"column":71}},"2":{"start":{"line":16,"column":19},"end":{"line":16,"column":47}},"3":{"start":{"line":17,"column":19},"end":{"line":17,"column":50}},"4":{"start":{"line":18,"column":2},"end":{"line":18,"column":29}},"5":{"start":{"line":26,"column":2},"end":{"line":26,"column":63}},"6":{"start":{"line":26,"column":50},"end":{"line":26,"column":63}},"7":{"start":{"line":27,"column":2},"end":{"line":27,"column":43}},"8":{"start":{"line":32,"column":2},"end":{"line":35,"column":33}},"9":{"start":{"line":35,"column":19},"end":{"line":35,"column":31}},"10":{"start":{"line":40,"column":2},"end":{"line":40,"column":25}}},"fnMap":{"0":{"name":"(anonymous_0)","decl":{"start":{"line":9,"column":13},"end":{"line":9,"column":14}},"loc":{"start":{"line":9,"column":31},"end":{"line":9,"column":71}},"line":9},"1":{"name":"generateSeedPhrase","decl":{"start":{"line":15,"column":16},"end":{"line":15,"column":34}},"loc":{"start":{"line":15,"column":70},"end":{"line":19,"column":1}},"line":15},"2":{"name":"validateSeedPhrase","decl":{"start":{"line":25,"column":16},"end":{"line":25,"column":34}},"loc":{"start":{"line":25,"column":61},"end":{"line":28,"column":1}},"line":25},"3":{"name":"seedToWords","decl":{"start":{"line":31,"column":16},"end":{"line":31,"column":27}},"loc":{"start":{"line":31,"column":52},"end":{"line":36,"column":1}},"line":31},"4":{"name":"(anonymous_4)","decl":{"start":{"line":35,"column":12},"end":{"line":35,"column":13}},"loc":{"start":{"line":35,"column":19},"end":{"line":35,"column":31}},"line":35},"5":{"name":"wordsToSeed","decl":{"start":{"line":39,"column":16},"end":{"line":39,"column":27}},"loc":{"start":{"line":39,"column":53},"end":{"line":41,"column":1}},"line":39}},"branchMap":{"0":{"loc":{"start":{"line":15,"column":35},"end":{"line":15,"column":58}},"type":"default-arg","locations":[{"start":{"line":15,"column":56},"end":{"line":15,"column":58}}],"line":15},"1":{"loc":{"start":{"line":16,"column":19},"end":{"line":16,"column":47}},"type":"cond-expr","locations":[{"start":{"line":16,"column":38},"end":{"line":16,"column":41}},{"start":{"line":16,"column":44},"end":{"line":16,"column":47}}],"line":16},"2":{"loc":{"start":{"line":26,"column":2},"end":{"line":26,"column":63}},"type":"if","locations":[{"start":{"line":26,"column":2},"end":{"line":26,"column":63}},{"start":{},"end":{}}],"line":26},"3":{"loc":{"start":{"line":26,"column":6},"end":{"line":26,"column":48}},"type":"binary-expr","locations":[{"start":{"line":26,"column":6},"end":{"line":26,"column":25}},{"start":{"line":26,"column":29},"end":{"line":26,"column":48}}],"line":26}},"s":{"0":1,"1":7,"2":7,"3":7,"4":7,"5":5,"6":1,"7":4,"8":3,"9":6,"10":3},"f":{"0":7,"1":7,"2":5,"3":3,"4":6,"5":3},"b":{"0":[3],"1":[5,2],"2":[1,4],"3":[5,3]},"_coverageSchema":"1a1c01bbd47fc00a2c39e90264f33305004495a9","hash":"6a45f75f5edfae5ca22919216180afb1a7b01914"}
,"/Users/me/Documents/GitHub/dfx/dfx-wallet/src/store/auth.ts": {"path":"/Users/me/Documents/GitHub/dfx/dfx-wallet/src/store/auth.ts","statementMap":{"0":{"start":{"line":25,"column":22},"end":{"line":25,"column":40}},"1":{"start":{"line":27,"column":28},"end":{"line":108,"column":3}},"2":{"start":{"line":27,"column":61},"end":{"line":108,"column":1}},"3":{"start":{"line":36,"column":56},"end":{"line":41,"column":6}},"4":{"start":{"line":43,"column":4},"end":{"line":49,"column":7}},"5":{"start":{"line":53,"column":4},"end":{"line":53,"column":69}},"6":{"start":{"line":54,"column":4},"end":{"line":54,"column":32}},"7":{"start":{"line":57,"column":31},"end":{"line":57,"column":62}},"8":{"start":{"line":58,"column":34},"end":{"line":58,"column":68}},"9":{"start":{"line":61,"column":17},"end":{"line":61,"column":35}},"10":{"start":{"line":62,"column":4},"end":{"line":62,"column":56}},"11":{"start":{"line":63,"column":4},"end":{"line":63,"column":27}},"12":{"start":{"line":67,"column":24},"end":{"line":67,"column":29}},"13":{"start":{"line":68,"column":4},"end":{"line":68,"column":31}},"14":{"start":{"line":68,"column":18},"end":{"line":68,"column":31}},"15":{"start":{"line":69,"column":4},"end":{"line":69,"column":39}},"16":{"start":{"line":73,"column":33},"end":{"line":73,"column":38}},"17":{"start":{"line":74,"column":4},"end":{"line":74,"column":40}},"18":{"start":{"line":74,"column":27},"end":{"line":74,"column":40}},"19":{"start":{"line":75,"column":22},"end":{"line":75,"column":50}},"20":{"start":{"line":76,"column":4},"end":{"line":76,"column":33}},"21":{"start":{"line":76,"column":20},"end":{"line":76,"column":33}},"22":{"start":{"line":77,"column":4},"end":{"line":77,"column":39}},"23":{"start":{"line":81,"column":4},"end":{"line":84,"column":5}},"24":{"start":{"line":82,"column":24},"end":{"line":82,"column":52}},"25":{"start":{"line":83,"column":6},"end":{"line":83,"column":29}},"26":{"start":{"line":83,"column":22},"end":{"line":83,"column":29}},"27":{"start":{"line":85,"column":4},"end":{"line":85,"column":60}},"28":{"start":{"line":86,"column":4},"end":{"line":86,"column":39}},"29":{"start":{"line":90,"column":4},"end":{"line":99,"column":7}},"30":{"start":{"line":100,"column":4},"end":{"line":106,"column":7}}},"fnMap":{"0":{"name":"(anonymous_0)","decl":{"start":{"line":27,"column":46},"end":{"line":27,"column":47}},"loc":{"start":{"line":27,"column":61},"end":{"line":108,"column":1}},"line":27},"1":{"name":"(anonymous_1)","decl":{"start":{"line":35,"column":11},"end":{"line":35,"column":12}},"loc":{"start":{"line":35,"column":23},"end":{"line":50,"column":3}},"line":35},"2":{"name":"(anonymous_2)","decl":{"start":{"line":52,"column":16},"end":{"line":52,"column":17}},"loc":{"start":{"line":52,"column":33},"end":{"line":55,"column":3}},"line":52},"3":{"name":"(anonymous_3)","decl":{"start":{"line":57,"column":20},"end":{"line":57,"column":21}},"loc":{"start":{"line":57,"column":31},"end":{"line":57,"column":62}},"line":57},"4":{"name":"(anonymous_4)","decl":{"start":{"line":58,"column":23},"end":{"line":58,"column":24}},"loc":{"start":{"line":58,"column":34},"end":{"line":58,"column":68}},"line":58},"5":{"name":"(anonymous_5)","decl":{"start":{"line":60,"column":10},"end":{"line":60,"column":11}},"loc":{"start":{"line":60,"column":25},"end":{"line":64,"column":3}},"line":60},"6":{"name":"(anonymous_6)","decl":{"start":{"line":66,"column":13},"end":{"line":66,"column":14}},"loc":{"start":{"line":66,"column":28},"end":{"line":70,"column":3}},"line":66},"7":{"name":"(anonymous_7)","decl":{"start":{"line":72,"column":25},"end":{"line":72,"column":26}},"loc":{"start":{"line":72,"column":37},"end":{"line":78,"column":3}},"line":72},"8":{"name":"(anonymous_8)","decl":{"start":{"line":80,"column":23},"end":{"line":80,"column":24}},"loc":{"start":{"line":80,"column":42},"end":{"line":87,"column":3}},"line":80},"9":{"name":"(anonymous_9)","decl":{"start":{"line":89,"column":9},"end":{"line":89,"column":10}},"loc":{"start":{"line":89,"column":21},"end":{"line":107,"column":3}},"line":89}},"branchMap":{"0":{"loc":{"start":{"line":68,"column":4},"end":{"line":68,"column":31}},"type":"if","locations":[{"start":{"line":68,"column":4},"end":{"line":68,"column":31}},{"start":{},"end":{}}],"line":68},"1":{"loc":{"start":{"line":74,"column":4},"end":{"line":74,"column":40}},"type":"if","locations":[{"start":{"line":74,"column":4},"end":{"line":74,"column":40}},{"start":{},"end":{}}],"line":74},"2":{"loc":{"start":{"line":76,"column":4},"end":{"line":76,"column":33}},"type":"if","locations":[{"start":{"line":76,"column":4},"end":{"line":76,"column":33}},{"start":{},"end":{}}],"line":76},"3":{"loc":{"start":{"line":81,"column":4},"end":{"line":84,"column":5}},"type":"if","locations":[{"start":{"line":81,"column":4},"end":{"line":84,"column":5}},{"start":{},"end":{}}],"line":81},"4":{"loc":{"start":{"line":83,"column":6},"end":{"line":83,"column":29}},"type":"if","locations":[{"start":{"line":83,"column":6},"end":{"line":83,"column":29}},{"start":{},"end":{}}],"line":83}},"s":{"0":1,"1":1,"2":1,"3":3,"4":3,"5":2,"6":1,"7":1,"8":1,"9":8,"10":8,"11":7,"12":3,"13":3,"14":1,"15":2,"16":5,"17":5,"18":1,"19":4,"20":4,"21":2,"22":2,"23":4,"24":3,"25":3,"26":1,"27":3,"28":2,"29":1,"30":1},"f":{"0":1,"1":3,"2":2,"3":1,"4":1,"5":8,"6":3,"7":5,"8":4,"9":1},"b":{"0":[1,2],"1":[1,4],"2":[2,2],"3":[3,1],"4":[1,2]},"_coverageSchema":"1a1c01bbd47fc00a2c39e90264f33305004495a9","hash":"eda0ac082392f1fe09575792e88da35aaed2338f"}
,"/Users/me/Documents/GitHub/dfx/dfx-wallet/src/store/wallet.ts": {"path":"/Users/me/Documents/GitHub/dfx/dfx-wallet/src/store/wallet.ts","statementMap":{"0":{"start":{"line":19,"column":22},"end":{"line":24,"column":1}},"1":{"start":{"line":26,"column":30},"end":{"line":34,"column":3}},"2":{"start":{"line":26,"column":60},"end":{"line":34,"column":1}},"3":{"start":{"line":29,"column":27},"end":{"line":29,"column":52}},"4":{"start":{"line":30,"column":37},"end":{"line":30,"column":72}},"5":{"start":{"line":31,"column":31},"end":{"line":31,"column":60}},"6":{"start":{"line":32,"column":36},"end":{"line":32,"column":70}},"7":{"start":{"line":33,"column":15},"end":{"line":33,"column":33}}},"fnMap":{"0":{"name":"(anonymous_0)","decl":{"start":{"line":26,"column":50},"end":{"line":26,"column":51}},"loc":{"start":{"line":26,"column":60},"end":{"line":34,"column":1}},"line":26},"1":{"name":"(anonymous_1)","decl":{"start":{"line":29,"column":17},"end":{"line":29,"column":18}},"loc":{"start":{"line":29,"column":27},"end":{"line":29,"column":52}},"line":29},"2":{"name":"(anonymous_2)","decl":{"start":{"line":30,"column":23},"end":{"line":30,"column":24}},"loc":{"start":{"line":30,"column":37},"end":{"line":30,"column":72}},"line":30},"3":{"name":"(anonymous_3)","decl":{"start":{"line":31,"column":20},"end":{"line":31,"column":21}},"loc":{"start":{"line":31,"column":31},"end":{"line":31,"column":60}},"line":31},"4":{"name":"(anonymous_4)","decl":{"start":{"line":32,"column":23},"end":{"line":32,"column":24}},"loc":{"start":{"line":32,"column":36},"end":{"line":32,"column":70}},"line":32},"5":{"name":"(anonymous_5)","decl":{"start":{"line":33,"column":9},"end":{"line":33,"column":10}},"loc":{"start":{"line":33,"column":15},"end":{"line":33,"column":33}},"line":33}},"branchMap":{},"s":{"0":1,"1":1,"2":1,"3":2,"4":1,"5":1,"6":2,"7":7},"f":{"0":1,"1":2,"2":1,"3":1,"4":2,"5":7},"b":{},"_coverageSchema":"1a1c01bbd47fc00a2c39e90264f33305004495a9","hash":"928673eebca1fc0763c3f2ea1e3159c5730d70e7"}
,"/Users/me/Documents/GitHub/dfx/dfx-wallet/src/theme/colors.ts": {"path":"/Users/me/Documents/GitHub/dfx/dfx-wallet/src/theme/colors.ts","statementMap":{"0":{"start":{"line":1,"column":25},"end":{"line":26,"column":10}}},"fnMap":{},"branchMap":{},"s":{"0":2},"f":{},"b":{},"_coverageSchema":"1a1c01bbd47fc00a2c39e90264f33305004495a9","hash":"7f555b8f360c5afc6260308b77250c272a5c05e4"}
,"/Users/me/Documents/GitHub/dfx/dfx-wallet/src/theme/index.ts": {"path":"/Users/me/Documents/GitHub/dfx/dfx-wallet/src/theme/index.ts","statementMap":{},"fnMap":{},"branchMap":{},"s":{},"f":{},"b":{},"_coverageSchema":"1a1c01bbd47fc00a2c39e90264f33305004495a9","hash":"c5767a4a8523c4c9aedc1b3e3d6ff5ebd08de30e"}
,"/Users/me/Documents/GitHub/dfx/dfx-wallet/src/theme/typography.ts": {"path":"/Users/me/Documents/GitHub/dfx/dfx-wallet/src/theme/typography.ts","statementMap":{"0":{"start":{"line":3,"column":26},"end":{"line":34,"column":10}}},"fnMap":{},"branchMap":{},"s":{"0":2},"f":{},"b":{},"_coverageSchema":"1a1c01bbd47fc00a2c39e90264f33305004495a9","hash":"83853c5edc68e54b59811f9688beaf713ad6e5a0"}
}
