TN:
SF:src/components/AssetListItem.tsx
FN:22,AssetListItem
FN:25,(anonymous_1)
FNF:2
FNH:2
FNDA:6,AssetListItem
FNDA:6,(anonymous_1)
DA:13,1
DA:23,6
DA:25,6
DA:49,1
LF:4
LH:4
BRDA:25,0,0,6
BRDA:25,0,1,0
BRDA:36,1,0,6
BRDA:36,1,1,1
BRF:4
BRH:3
end_of_record
TN:
SF:src/components/PrimaryButton.tsx
FN:13,PrimaryButton
FN:29,(anonymous_1)
FNF:2
FNH:2
FNDA:5,PrimaryButton
FNDA:5,(anonymous_1)
DA:21,5
DA:23,5
DA:29,5
DA:45,1
LF:4
LH:4
BRDA:18,0,0,4
BRDA:26,1,0,5
BRDA:26,1,1,4
BRDA:31,2,0,4
BRDA:31,2,1,1
BRDA:32,3,0,5
BRDA:32,3,1,4
BRDA:32,3,2,2
BRDA:33,4,0,5
BRDA:33,4,1,0
BRDA:36,5,0,1
BRDA:36,5,1,4
BRDA:37,6,0,1
BRDA:37,6,1,0
BRDA:39,7,0,4
BRDA:39,7,1,1
BRF:16
BRH:14
end_of_record
TN:
SF:src/config/env.ts
FNF:0
FNH:0
DA:1,1
LF:1
LH:1
BRDA:2,0,0,1
BRDA:2,0,1,1
BRDA:3,1,0,1
BRDA:3,1,1,1
BRDA:4,2,0,1
BRDA:4,2,1,1
BRF:6
BRH:6
end_of_record
TN:
SF:src/services/biometric.ts
FN:8,isBiometricAvailable
FN:18,getBiometricType
FN:29,authenticateWithBiometric
FNF:3
FNH:3
FNDA:10,isBiometricAvailable
FNDA:5,getBiometricType
FNDA:5,authenticateWithBiometric
DA:9,10
DA:10,10
DA:11,7
DA:12,7
DA:19,5
DA:20,5
DA:21,3
DA:22,2
DA:23,1
DA:32,5
DA:37,5
LF:11
LH:11
BRDA:10,0,0,3
BRDA:10,0,1,7
BRDA:20,1,0,2
BRDA:20,1,1,3
BRDA:21,2,0,1
BRDA:21,2,1,2
BRDA:22,3,0,1
BRDA:22,3,1,1
BRDA:30,4,0,4
BRF:9
BRH:9
end_of_record
TN:
SF:src/services/pin.ts
FN:10,hashPin
FN:21,verifyPin
FNF:2
FNH:2
FNDA:10,hashPin
FNDA:2,verifyPin
DA:3,1
DA:4,1
DA:11,10
DA:12,10
DA:13,100000
DA:15,10
DA:22,2
DA:23,2
LF:8
LH:8
BRF:0
BRH:0
end_of_record
TN:
SF:src/services/storage.ts
FN:12,(anonymous_0)
FN:16,(anonymous_1)
FN:20,(anonymous_2)
FNF:3
FNH:3
FNDA:13,(anonymous_0)
FNDA:12,(anonymous_1)
FNDA:8,(anonymous_2)
DA:11,2
DA:13,13
DA:17,12
DA:21,8
DA:26,2
LF:5
LH:5
BRF:0
BRH:0
end_of_record
TN:
SF:src/services/dfx/api.ts
FN:14,(anonymous_0)
FN:18,(anonymous_1)
FN:23,(anonymous_2)
FN:27,(anonymous_3)
FN:31,(anonymous_4)
FN:35,(anonymous_5)
FN:39,(anonymous_6)
FN:43,(anonymous_7)
FN:59,(anonymous_8)
FN:68,(anonymous_9)
FN:96,(anonymous_10)
FN:108,(anonymous_11)
FN:117,(anonymous_12)
FN:121,(anonymous_13)
FNF:14
FNH:3
FNDA:0,(anonymous_0)
FNDA:0,(anonymous_1)
FNDA:0,(anonymous_2)
FNDA:0,(anonymous_3)
FNDA:0,(anonymous_4)
FNDA:0,(anonymous_5)
FNDA:0,(anonymous_6)
FNDA:0,(anonymous_7)
FNDA:0,(anonymous_8)
FNDA:0,(anonymous_9)
FNDA:0,(anonymous_10)
FNDA:7,(anonymous_11)
FNDA:3,(anonymous_12)
FNDA:2,(anonymous_13)
DA:10,1
DA:11,1
DA:12,1
DA:15,0
DA:19,0
DA:24,0
DA:28,0
DA:32,0
DA:36,0
DA:40,0
DA:44,0
DA:47,0
DA:48,0
DA:49,0
DA:50,0
DA:51,0
DA:52,0
DA:56,0
DA:60,0
DA:61,0
DA:69,0
DA:71,0
DA:72,0
DA:74,0
DA:81,0
DA:85,0
DA:89,0
DA:90,0
DA:93,0
DA:97,0
DA:100,0
DA:101,0
DA:103,0
DA:113,7
DA:114,7
DA:118,3
DA:122,2
DA:126,1
LF:38
LH:8
BRDA:47,0,0,0
BRDA:47,0,1,0
BRDA:47,1,0,0
BRDA:47,1,1,0
BRDA:49,2,0,0
BRDA:49,2,1,0
BRDA:60,3,0,0
BRDA:60,3,1,0
BRDA:64,4,0,0
BRDA:64,4,1,0
BRDA:69,5,0,0
BRDA:69,5,1,0
BRDA:81,6,0,0
BRDA:81,6,1,0
BRDA:89,7,0,0
BRDA:89,7,1,0
BRDA:100,8,0,0
BRDA:100,8,1,0
BRDA:118,9,0,3
BRDA:118,9,1,2
BRF:20
BRH:2
end_of_record
TN:
SF:src/services/hardware-wallet/bitbox-protocol.ts
FN:117,ethSignatureToHex
FN:130,bytesToHex
FN:132,(anonymous_2)
FNF:3
FNH:3
FNDA:2,ethSignatureToHex
FNDA:4,bytesToHex
FNDA:70,(anonymous_2)
DA:122,2
DA:131,4
DA:132,70
LF:3
LH:3
BRF:0
BRH:0
end_of_record
TN:
SF:src/services/wallet/seed.ts
FN:9,(anonymous_0)
FN:15,generateSeedPhrase
FN:25,validateSeedPhrase
FN:31,seedToWords
FN:35,(anonymous_4)
FN:39,wordsToSeed
FNF:6
FNH:6
FNDA:7,(anonymous_0)
FNDA:7,generateSeedPhrase
FNDA:5,validateSeedPhrase
FNDA:3,seedToWords
FNDA:6,(anonymous_4)
FNDA:3,wordsToSeed
DA:9,7
DA:16,7
DA:17,7
DA:18,7
DA:26,5
DA:27,4
DA:32,3
DA:35,6
DA:40,3
LF:9
LH:9
BRDA:15,0,0,3
BRDA:16,1,0,5
BRDA:16,1,1,2
BRDA:26,2,0,1
BRDA:26,2,1,4
BRDA:26,3,0,5
BRDA:26,3,1,3
BRF:7
BRH:7
end_of_record
TN:
SF:src/store/auth.ts
FN:27,(anonymous_0)
FN:35,(anonymous_1)
FN:52,(anonymous_2)
FN:57,(anonymous_3)
FN:58,(anonymous_4)
FN:60,(anonymous_5)
FN:66,(anonymous_6)
FN:72,(anonymous_7)
FN:80,(anonymous_8)
FN:89,(anonymous_9)
FNF:10
FNH:10
FNDA:1,(anonymous_0)
FNDA:3,(anonymous_1)
FNDA:2,(anonymous_2)
FNDA:1,(anonymous_3)
FNDA:1,(anonymous_4)
FNDA:8,(anonymous_5)
FNDA:3,(anonymous_6)
FNDA:5,(anonymous_7)
FNDA:4,(anonymous_8)
FNDA:1,(anonymous_9)
DA:25,1
DA:27,1
DA:36,3
DA:43,3
DA:53,2
DA:54,1
DA:57,1
DA:58,1
DA:61,8
DA:62,8
DA:63,7
DA:67,3
DA:68,3
DA:69,2
DA:73,5
DA:74,5
DA:75,4
DA:76,4
DA:77,2
DA:81,4
DA:82,3
DA:83,3
DA:85,3
DA:86,2
DA:90,1
DA:100,1
LF:26
LH:26
BRDA:68,0,0,1
BRDA:68,0,1,2
BRDA:74,1,0,1
BRDA:74,1,1,4
BRDA:76,2,0,2
BRDA:76,2,1,2
BRDA:81,3,0,3
BRDA:81,3,1,1
BRDA:83,4,0,1
BRDA:83,4,1,2
BRF:10
BRH:10
end_of_record
TN:
SF:src/store/wallet.ts
FN:26,(anonymous_0)
FN:29,(anonymous_1)
FN:30,(anonymous_2)
FN:31,(anonymous_3)
FN:32,(anonymous_4)
FN:33,(anonymous_5)
FNF:6
FNH:6
FNDA:1,(anonymous_0)
FNDA:2,(anonymous_1)
FNDA:1,(anonymous_2)
FNDA:1,(anonymous_3)
FNDA:2,(anonymous_4)
FNDA:7,(anonymous_5)
DA:19,1
DA:26,1
DA:29,2
DA:30,1
DA:31,1
DA:32,2
DA:33,7
LF:7
LH:7
BRF:0
BRH:0
end_of_record
TN:
SF:src/theme/colors.ts
FNF:0
FNH:0
DA:1,2
LF:1
LH:1
BRF:0
BRH:0
end_of_record
TN:
SF:src/theme/index.ts
FNF:0
FNH:0
LF:0
LH:0
BRF:0
BRH:0
end_of_record
TN:
SF:src/theme/typography.ts
FNF:0
FNH:0
DA:3,2
LF:1
LH:1
BRF:0
BRH:0
end_of_record
